TN:
SF:src/components/Button/index.tsx
FN:10,(anonymous_0)
FNF:1
FNH:1
FNDA:1,(anonymous_0)
DA:10,1
DA:11,1
LF:2
LH:2
BRF:0
BRH:0
end_of_record
TN:
SF:src/components/Input/index.tsx
FN:29,(anonymous_0)
FN:41,(anonymous_1)
FN:45,(anonymous_2)
FN:51,(anonymous_3)
FN:52,(anonymous_4)
FN:57,(anonymous_5)
FN:80,(anonymous_6)
FNF:7
FNH:3
FNDA:2,(anonymous_0)
FNDA:0,(anonymous_1)
FNDA:0,(anonymous_2)
FNDA:1,(anonymous_3)
FNDA:0,(anonymous_4)
FNDA:2,(anonymous_5)
FNDA:0,(anonymous_6)
DA:29,1
DA:33,2
DA:35,2
DA:36,2
DA:38,2
DA:39,2
DA:41,2
DA:42,0
DA:45,2
DA:46,0
DA:48,0
DA:51,2
DA:53,0
DA:57,2
DA:58,2
DA:65,2
DA:81,0
LF:17
LH:12
BRDA:35,0,0,2
BRDA:70,1,0,0
BRDA:70,1,1,2
BRDA:70,2,0,2
BRDA:70,2,1,2
BRF:5
BRH:4
end_of_record
TN:
SF:src/hooks/auth.tsx
FN:39,(anonymous_0)
FN:43,(anonymous_1)
FN:44,loadStorageData
FN:61,(anonymous_3)
FN:79,(anonymous_4)
FN:86,(anonymous_5)
FN:106,useAuth
FNF:7
FNH:1
FNDA:0,(anonymous_0)
FNDA:0,(anonymous_1)
FNDA:0,loadStorageData
FNDA:0,(anonymous_3)
FNDA:0,(anonymous_4)
FNDA:0,(anonymous_5)
FNDA:1,useAuth
DA:37,1
DA:39,1
DA:40,0
DA:41,0
DA:43,0
DA:45,0
DA:50,0
DA:51,0
DA:52,0
DA:55,0
DA:58,0
DA:61,0
DA:62,0
DA:67,0
DA:69,0
DA:74,0
DA:76,0
DA:79,0
DA:80,0
DA:82,0
DA:85,0
DA:87,0
DA:89,0
DA:97,0
DA:107,1
DA:109,1
DA:110,0
DA:113,1
LF:28
LH:5
BRDA:50,0,0,0
BRDA:50,0,1,0
BRDA:50,1,0,0
BRDA:50,1,1,0
BRDA:109,2,0,0
BRDA:109,2,1,1
BRF:6
BRH:1
end_of_record
TN:
SF:src/hooks/index.tsx
FN:5,(anonymous_0)
FNF:1
FNH:0
FNDA:0,(anonymous_0)
DA:5,0
DA:6,0
LF:2
LH:0
BRF:0
BRH:0
end_of_record
TN:
SF:src/pages/AppointmentCreated/index.tsx
FN:13,(anonymous_0)
FN:19,(anonymous_1)
FN:30,(anonymous_2)
FNF:3
FNH:0
FNDA:0,(anonymous_0)
FNDA:0,(anonymous_1)
FNDA:0,(anonymous_2)
DA:13,0
DA:14,0
DA:15,0
DA:17,0
DA:19,0
DA:20,0
DA:30,0
DA:31,0
DA:38,0
LF:9
LH:0
BRF:0
BRH:0
end_of_record
TN:
SF:src/pages/CreateAppointment/index.tsx
FN:53,(anonymous_0)
FN:72,(anonymous_1)
FN:75,(anonymous_2)
FN:78,(anonymous_3)
FN:86,(anonymous_4)
FN:95,(anonymous_5)
FN:98,(anonymous_6)
FN:106,(anonymous_7)
FN:110,(anonymous_8)
FN:114,(anonymous_9)
FN:115,(anonymous_10)
FN:119,(anonymous_11)
FN:131,(anonymous_12)
FN:135,(anonymous_13)
FN:156,(anonymous_14)
FN:158,(anonymous_15)
FN:159,(anonymous_16)
FN:168,(anonymous_17)
FN:170,(anonymous_18)
FN:171,(anonymous_19)
FN:198,(anonymous_20)
FN:199,(anonymous_21)
FN:201,(anonymous_22)
FN:242,(anonymous_23)
FN:248,(anonymous_24)
FN:265,(anonymous_25)
FN:271,(anonymous_26)
FNF:27
FNH:0
FNDA:0,(anonymous_0)
FNDA:0,(anonymous_1)
FNDA:0,(anonymous_2)
FNDA:0,(anonymous_3)
FNDA:0,(anonymous_4)
FNDA:0,(anonymous_5)
FNDA:0,(anonymous_6)
FNDA:0,(anonymous_7)
FNDA:0,(anonymous_8)
FNDA:0,(anonymous_9)
FNDA:0,(anonymous_10)
FNDA:0,(anonymous_11)
FNDA:0,(anonymous_12)
FNDA:0,(anonymous_13)
FNDA:0,(anonymous_14)
FNDA:0,(anonymous_15)
FNDA:0,(anonymous_16)
FNDA:0,(anonymous_17)
FNDA:0,(anonymous_18)
FNDA:0,(anonymous_19)
FNDA:0,(anonymous_20)
FNDA:0,(anonymous_21)
FNDA:0,(anonymous_22)
FNDA:0,(anonymous_23)
FNDA:0,(anonymous_24)
FNDA:0,(anonymous_25)
FNDA:0,(anonymous_26)
DA:53,0
DA:54,0
DA:55,0
DA:57,0
DA:58,0
DA:60,0
DA:62,0
DA:64,0
DA:66,0
DA:67,0
DA:70,0
DA:72,0
DA:73,0
DA:76,0
DA:79,0
DA:86,0
DA:87,0
DA:96,0
DA:99,0
DA:106,0
DA:107,0
DA:110,0
DA:111,0
DA:114,0
DA:115,0
DA:118,0
DA:120,0
DA:121,0
DA:124,0
DA:125,0
DA:131,0
DA:132,0
DA:135,0
DA:136,0
DA:137,0
DA:139,0
DA:140,0
DA:142,0
DA:147,0
DA:149,0
DA:156,0
DA:157,0
DA:158,0
DA:160,0
DA:168,0
DA:169,0
DA:170,0
DA:172,0
DA:180,0
DA:198,0
DA:200,0
DA:202,0
DA:243,0
DA:249,0
DA:266,0
DA:272,0
LF:56
LH:0
BRDA:120,0,0,0
BRDA:120,0,1,0
BRDA:124,1,0,0
BRDA:124,1,1,0
BRDA:224,2,0,0
BRDA:224,2,1,0
BRF:6
BRH:0
end_of_record
TN:
SF:src/pages/Dashboard/index.tsx
FN:34,(anonymous_0)
FN:39,(anonymous_1)
FN:42,(anonymous_2)
FN:45,(anonymous_3)
FN:53,(anonymous_4)
FN:58,(anonymous_5)
FN:79,(anonymous_6)
FN:83,(anonymous_7)
FN:85,(anonymous_8)
FNF:9
FNH:0
FNDA:0,(anonymous_0)
FNDA:0,(anonymous_1)
FNDA:0,(anonymous_2)
FNDA:0,(anonymous_3)
FNDA:0,(anonymous_4)
FNDA:0,(anonymous_5)
FNDA:0,(anonymous_6)
FNDA:0,(anonymous_7)
FNDA:0,(anonymous_8)
DA:34,0
DA:35,0
DA:36,0
DA:37,0
DA:39,0
DA:40,0
DA:43,0
DA:46,0
DA:53,0
DA:54,0
DA:57,0
DA:59,0
DA:64,0
DA:79,0
DA:84,0
DA:85,0
LF:16
LH:0
BRF:0
BRH:0
end_of_record
TN:
SF:src/pages/Profile/index.tsx
FN:43,(anonymous_0)
FN:56,(anonymous_1)
FN:67,(anonymous_2)
FN:126,(anonymous_3)
FN:134,(anonymous_4)
FN:152,(anonymous_5)
FN:159,(anonymous_6)
FN:222,(anonymous_7)
FN:233,(anonymous_8)
FN:244,(anonymous_9)
FN:247,(anonymous_10)
FNF:11
FNH:0
FNDA:0,(anonymous_0)
FNDA:0,(anonymous_1)
FNDA:0,(anonymous_2)
FNDA:0,(anonymous_3)
FNDA:0,(anonymous_4)
FNDA:0,(anonymous_5)
FNDA:0,(anonymous_6)
FNDA:0,(anonymous_7)
FNDA:0,(anonymous_8)
FNDA:0,(anonymous_9)
FNDA:0,(anonymous_10)
DA:43,0
DA:44,0
DA:45,0
DA:47,0
DA:49,0
DA:50,0
DA:51,0
DA:52,0
DA:53,0
DA:55,0
DA:57,0
DA:58,0
DA:60,0
DA:67,0
DA:77,0
DA:87,0
DA:89,0
DA:101,0
DA:103,0
DA:105,0
DA:107,0
DA:109,0
DA:110,0
DA:112,0
DA:114,0
DA:117,0
DA:126,0
DA:127,0
DA:135,0
DA:136,0
DA:139,0
DA:140,0
DA:141,0
DA:144,0
DA:146,0
DA:152,0
DA:153,0
DA:159,0
DA:160,0
DA:163,0
DA:222,0
DA:233,0
DA:244,0
DA:247,0
LF:44
LH:0
BRDA:92,0,0,0
BRDA:92,0,1,0
BRDA:109,1,0,0
BRDA:109,1,1,0
BRDA:135,2,0,0
BRDA:135,2,1,0
BRDA:139,3,0,0
BRDA:139,3,1,0
BRDA:167,4,0,0
BRDA:167,4,1,0
BRF:10
BRH:0
end_of_record
TN:
SF:src/pages/SignIn/index.tsx
FN:43,(anonymous_0)
FN:52,(anonymous_1)
FN:118,(anonymous_2)
FN:133,(anonymous_3)
FN:142,(anonymous_4)
FN:153,(anonymous_5)
FNF:6
FNH:1
FNDA:1,(anonymous_0)
FNDA:0,(anonymous_1)
FNDA:0,(anonymous_2)
FNDA:0,(anonymous_3)
FNDA:0,(anonymous_4)
FNDA:0,(anonymous_5)
DA:43,1
DA:44,1
DA:45,1
DA:47,1
DA:49,1
DA:51,1
DA:53,0
DA:54,0
DA:55,0
DA:62,0
DA:66,0
DA:71,0
DA:72,0
DA:74,0
DA:76,0
DA:79,0
DA:88,1
DA:119,0
DA:134,0
DA:143,0
DA:154,0
LF:21
LH:7
BRDA:71,0,0,0
BRDA:71,0,1,0
BRDA:92,1,0,1
BRDA:92,1,1,0
BRF:4
BRH:1
end_of_record
TN:
SF:src/pages/SignUp/index.tsx
FN:35,(anonymous_0)
FN:43,(anonymous_1)
FN:133,(anonymous_2)
FN:136,(anonymous_3)
FN:145,(anonymous_4)
FNF:5
FNH:0
FNDA:0,(anonymous_0)
FNDA:0,(anonymous_1)
FNDA:0,(anonymous_2)
FNDA:0,(anonymous_3)
FNDA:0,(anonymous_4)
DA:35,0
DA:36,0
DA:38,0
DA:39,0
DA:40,0
DA:42,0
DA:44,0
DA:45,0
DA:46,0
DA:54,0
DA:58,0
DA:60,0
DA:65,0
DA:67,0
DA:68,0
DA:70,0
DA:72,0
DA:75,0
DA:84,0
DA:133,0
DA:136,0
DA:146,0
LF:22
LH:0
BRDA:67,0,0,0
BRDA:67,0,1,0
BRDA:88,1,0,0
BRDA:88,1,1,0
BRF:4
BRH:0
end_of_record
